<?xml version="1.0" encoding="UTF-8"?>
<!-- Generated by org.testng.reporters.JUnitReportReporter -->
<testsuite hostname="LAPTOP-VP4UFCOG" failures="0" tests="2" name="testclass.Logintest$LoginTest" time="12.554" errors="0" timestamp="2024-01-23T23:07:55 IST" skipped="0">
  <testcase classname="testclass.Logintest$LoginTest" name="loginpositiveTestcase" time="6.720">
    <system-out>
      <![CDATA[success login case]]>
    </system-out>
  </testcase> <!-- loginpositiveTestcase -->
  <testcase classname="testclass.Logintest$LoginTest" name="logoutapp" time="5.834">
    <system-out>
      <![CDATA[success logout]]>
    </system-out>
  </testcase> <!-- logoutapp -->
  <system-out>
    <![CDATA[success login case
success logout]]>
  </system-out>
</testsuite> <!-- testclass.Logintest$LoginTest -->
